Building DAG of jobs...
Using shell: /bin/bash
Provided cores: 1 (use --cores to define parallelism)
Rules claiming more threads will be scaled down.
Job stats:
job         count
--------  -------
all             1
download        8
total           9

Select jobs to execute...
Execute 1 jobs...

[Thu Feb 29 19:42:05 2024]
localrule download:
    output: I.bam
    jobid: 8
    reason: Missing output files: I.bam; Code has changed since last execution
    wildcards: sample=I
    resources: tmpdir=/var/folders/7g/mh6jk4p54_v368myk7s9h_nh0000gn/T

RuleException in rule download in file /Users/mvandestreek/Library/CloudStorage/OneDrive-HanzehogeschoolGroningen/HanzeHogeschool/2023-2024/thema11/dataprocessing/BioinfDataprocessingExercises/tutorial_02/workflow/Snakefile, line 15:
NameError: The name "'url'" is unknown in this context. Please make sure that you defined that variable. Also note that braces not used for variable access have to be escaped by repeating them, i.e. {{print $1}}, when formatting the following:
wget {config['url']}{output}
