Building DAG of jobs...
Using shell: /bin/bash
Provided cores: 8
Rules claiming more threads will be scaled down.
Job stats:
job         count
--------  -------
all             1
download        1
total           2

Select jobs to execute...
Execute 1 jobs...

[Thu Feb 29 20:31:11 2024]
localrule download:
    output: A.bam, B.bam, D.bam, E.bam, F.bam, G.bam, H.bam, I.bam, J.bam
    jobid: 1
    reason: Missing output files: E.bam, G.bam, A.bam, J.bam, B.bam, I.bam, H.bam, D.bam, F.bam
    resources: tmpdir=/var/folders/7g/mh6jk4p54_v368myk7s9h_nh0000gn/T

wget bioinf.nl/~ronald/snakemake/WC03/data/A.bam B.bam D.bam E.bam F.bam G.bam H.bam I.bam J.bam
[Thu Feb 29 20:31:18 2024]
Error in rule download:
    jobid: 1
    output: A.bam, B.bam, D.bam, E.bam, F.bam, G.bam, H.bam, I.bam, J.bam
    shell:
        wget bioinf.nl/~ronald/snakemake/WC03/data/A.bam B.bam D.bam E.bam F.bam G.bam H.bam I.bam J.bam
        (one of the commands exited with non-zero exit code; note that snakemake uses bash strict mode!)

Removing output files of failed job download since they might be corrupted:
A.bam
Shutting down, this might take some time.
Exiting because a job execution failed. Look above for error message
Complete log: .snakemake/log/2024-02-29T203111.854052.snakemake.log
WorkflowError:
At least one job did not complete successfully.
