Building DAG of jobs...
Using shell: /bin/bash
Provided cores: 1 (use --cores to define parallelism)
Rules claiming more threads will be scaled down.
Job stats:
job         count
--------  -------
all             1
download        3
total           4

Select jobs to execute...
Execute 1 jobs...

[Wed Feb 28 17:38:18 2024]
localrule download:
    output: e.txt
    jobid: 2
    reason: Missing output files: e.txt
    wildcards: sample=e
    resources: tmpdir=/var/folders/7g/mh6jk4p54_v368myk7s9h_nh0000gn/T

wget https://bioinf.nl/~ronald/snakemake/e.txt
[Wed Feb 28 17:38:19 2024]
Error in rule download:
    jobid: 2
    output: e.txt
    shell:
        wget https://bioinf.nl/~ronald/snakemake/e.txt
        (one of the commands exited with non-zero exit code; note that snakemake uses bash strict mode!)

Shutting down, this might take some time.
Exiting because a job execution failed. Look above for error message
Complete log: .snakemake/log/2024-02-28T173818.783213.snakemake.log
WorkflowError:
At least one job did not complete successfully.
