Building DAG of jobs...
Using shell: /bin/bash
Provided cores: 1 (use --cores to define parallelism)
Rules claiming more threads will be scaled down.
Job stats:
job      count
-----  -------
all          1
merge        1
total        2

Select jobs to execute...
Execute 1 jobs...

[Thu Feb 29 19:56:36 2024]
localrule merge:
    input: A.bam, B.bam, D.bam, E.bam, F.bam, G.bam, H.bam, I.bam
    output: sample.merged.bam
    jobid: 1
    reason: Missing output files: sample.merged.bam
    resources: tmpdir=/var/folders/7g/mh6jk4p54_v368myk7s9h_nh0000gn/T

[Thu Feb 29 19:56:36 2024]
Error in rule merge:
    jobid: 1
    input: A.bam, B.bam, D.bam, E.bam, F.bam, G.bam, H.bam, I.bam
    output: sample.merged.bam
    shell:
        samtools merge sample.merged.bam A.bam B.bam D.bam E.bam F.bam G.bam H.bam I.bam
        (one of the commands exited with non-zero exit code; note that snakemake uses bash strict mode!)

Shutting down, this might take some time.
Exiting because a job execution failed. Look above for error message
Complete log: .snakemake/log/2024-02-29T195635.997140.snakemake.log
WorkflowError:
At least one job did not complete successfully.
