Building DAG of jobs...
Using shell: /bin/bash
Provided cores: 8
Rules claiming more threads will be scaled down.
Conda environments: ignored
Job stats:
job               count
--------------  -------
all                   1
download              1
samtools_merge        1
total                 3

Select jobs to execute...
Execute 1 jobs...

[Thu Feb 29 20:44:40 2024]
localrule download:
    output: A.bam, B.bam, D.bam, E.bam, F.bam, G.bam, H.bam, I.bam
    jobid: 2
    reason: Missing output files: A.bam, E.bam, D.bam, B.bam, H.bam, F.bam, G.bam, I.bam
    resources: tmpdir=/var/folders/7g/mh6jk4p54_v368myk7s9h_nh0000gn/T

[Thu Feb 29 20:44:40 2024]
Error in rule download:
    jobid: 2
    output: A.bam, B.bam, D.bam, E.bam, F.bam, G.bam, H.bam, I.bam

Shutting down, this might take some time.
Exiting because a job execution failed. Look above for error message
Complete log: .snakemake/log/2024-02-29T204440.011216.snakemake.log
WorkflowError:
At least one job did not complete successfully.
