Building DAG of jobs...
Using shell: /bin/bash
Provided cores: 1 (use --cores to define parallelism)
Rules claiming more threads will be scaled down.
Job stats:
job         count
--------  -------
all             1
download        1
total           2

Select jobs to execute...
Execute 1 jobs...

[Thu Feb 29 18:46:54 2024]
localrule download:
    output: test.txt
    jobid: 1
    reason: Missing output files: test.txt; Code has changed since last execution
    wildcards: sample=test
    resources: tmpdir=/var/folders/7g/mh6jk4p54_v368myk7s9h_nh0000gn/T

wget -O /results https://bioinf.nl/~ronald/snakemake/test.txt
[Thu Feb 29 18:46:54 2024]
Error in rule download:
    jobid: 1
    output: test.txt
    shell:
        wget -O /results https://bioinf.nl/~ronald/snakemake/test.txt
        (one of the commands exited with non-zero exit code; note that snakemake uses bash strict mode!)

Shutting down, this might take some time.
Exiting because a job execution failed. Look above for error message
Complete log: .snakemake/log/2024-02-29T184654.713227.snakemake.log
WorkflowError:
At least one job did not complete successfully.
