Building DAG of jobs...
shared_storage_local_copies: True
remote_exec: False
Using shell: /bin/bash
Provided cores: 1 (use --cores to define parallelism)
Rules claiming more threads will be scaled down.
Job stats:
job         count
--------  -------
all             1
download        9
total          10

Resources before job selection: {'_cores': 1, '_nodes': 9223372036854775807}
Ready jobs (9)
Select jobs to execute...
Selected jobs (1)
Resources after job selection: {'_cores': 0, '_nodes': 9223372036854775806}
Execute 1 jobs...

[Thu Feb 29 20:26:59 2024]
localrule download:
    output: I.bam
    jobid: 8
    reason: Missing output files: I.bam
    wildcards: sample=I
    resources: tmpdir=/var/folders/7g/mh6jk4p54_v368myk7s9h_nh0000gn/T

Completion of job ['download'] reported to scheduler.
jobs registered as running before removal {download}
[Thu Feb 29 20:26:59 2024]
Finished job 8.
1 of 10 steps (10%) done
Resources before job selection: {'_cores': 1, '_nodes': 9223372036854775807}
Ready jobs (8)
Select jobs to execute...
Selected jobs (1)
Resources after job selection: {'_cores': 0, '_nodes': 9223372036854775806}
Execute 1 jobs...

[Thu Feb 29 20:26:59 2024]
localrule download:
    output: G.bam
    jobid: 6
    reason: Missing output files: G.bam
    wildcards: sample=G
    resources: tmpdir=/var/folders/7g/mh6jk4p54_v368myk7s9h_nh0000gn/T

Completion of job ['download'] reported to scheduler.
jobs registered as running before removal {download}
[Thu Feb 29 20:27:00 2024]
Finished job 6.
2 of 10 steps (20%) done
Resources before job selection: {'_cores': 1, '_nodes': 9223372036854775807}
Ready jobs (7)
Select jobs to execute...
Selected jobs (1)
Resources after job selection: {'_cores': 0, '_nodes': 9223372036854775806}
Execute 1 jobs...

[Thu Feb 29 20:27:00 2024]
localrule download:
    output: E.bam
    jobid: 4
    reason: Missing output files: E.bam
    wildcards: sample=E
    resources: tmpdir=/var/folders/7g/mh6jk4p54_v368myk7s9h_nh0000gn/T

Completion of job ['download'] reported to scheduler.
jobs registered as running before removal {download}
[Thu Feb 29 20:27:00 2024]
Finished job 4.
3 of 10 steps (30%) done
Resources before job selection: {'_cores': 1, '_nodes': 9223372036854775807}
Ready jobs (6)
Select jobs to execute...
Selected jobs (1)
Resources after job selection: {'_cores': 0, '_nodes': 9223372036854775806}
Execute 1 jobs...

[Thu Feb 29 20:27:00 2024]
localrule download:
    output: A.bam
    jobid: 1
    reason: Missing output files: A.bam
    wildcards: sample=A
    resources: tmpdir=/var/folders/7g/mh6jk4p54_v368myk7s9h_nh0000gn/T

Completion of job ['download'] reported to scheduler.
jobs registered as running before removal {download}
[Thu Feb 29 20:27:01 2024]
Finished job 1.
4 of 10 steps (40%) done
Resources before job selection: {'_cores': 1, '_nodes': 9223372036854775807}
Ready jobs (5)
Select jobs to execute...
Selected jobs (1)
Resources after job selection: {'_cores': 0, '_nodes': 9223372036854775806}
Execute 1 jobs...

[Thu Feb 29 20:27:01 2024]
localrule download:
    output: H.bam
    jobid: 7
    reason: Missing output files: H.bam
    wildcards: sample=H
    resources: tmpdir=/var/folders/7g/mh6jk4p54_v368myk7s9h_nh0000gn/T

Completion of job ['download'] reported to scheduler.
jobs registered as running before removal {download}
[Thu Feb 29 20:27:01 2024]
Finished job 7.
5 of 10 steps (50%) done
Resources before job selection: {'_cores': 1, '_nodes': 9223372036854775807}
Ready jobs (4)
Select jobs to execute...
Selected jobs (1)
Resources after job selection: {'_cores': 0, '_nodes': 9223372036854775806}
Execute 1 jobs...

[Thu Feb 29 20:27:01 2024]
localrule download:
    output: D.bam
    jobid: 3
    reason: Missing output files: D.bam
    wildcards: sample=D
    resources: tmpdir=/var/folders/7g/mh6jk4p54_v368myk7s9h_nh0000gn/T

Completion of job ['download'] reported to scheduler.
jobs registered as running before removal {download}
[Thu Feb 29 20:27:01 2024]
Finished job 3.
6 of 10 steps (60%) done
Resources before job selection: {'_cores': 1, '_nodes': 9223372036854775807}
Ready jobs (3)
Select jobs to execute...
Selected jobs (1)
Resources after job selection: {'_cores': 0, '_nodes': 9223372036854775806}
Execute 1 jobs...

[Thu Feb 29 20:27:02 2024]
localrule download:
    output: F.bam
    jobid: 5
    reason: Missing output files: F.bam
    wildcards: sample=F
    resources: tmpdir=/var/folders/7g/mh6jk4p54_v368myk7s9h_nh0000gn/T

Completion of job ['download'] reported to scheduler.
jobs registered as running before removal {download}
[Thu Feb 29 20:27:02 2024]
Finished job 5.
7 of 10 steps (70%) done
Resources before job selection: {'_cores': 1, '_nodes': 9223372036854775807}
Ready jobs (2)
Select jobs to execute...
Selected jobs (1)
Resources after job selection: {'_cores': 0, '_nodes': 9223372036854775806}
Execute 1 jobs...

[Thu Feb 29 20:27:02 2024]
localrule download:
    output: B.bam
    jobid: 2
    reason: Missing output files: B.bam
    wildcards: sample=B
    resources: tmpdir=/var/folders/7g/mh6jk4p54_v368myk7s9h_nh0000gn/T

Completion of job ['download'] reported to scheduler.
jobs registered as running before removal {download}
[Thu Feb 29 20:27:02 2024]
Finished job 2.
8 of 10 steps (80%) done
Resources before job selection: {'_cores': 1, '_nodes': 9223372036854775807}
Ready jobs (1)
Select jobs to execute...
Using greedy selector because only single job has to be scheduled.
Selected jobs (1)
Resources after job selection: {'_cores': 0, '_nodes': 9223372036854775806}
Execute 1 jobs...

[Thu Feb 29 20:27:02 2024]
localrule download:
    output: J.bam
    jobid: 9
    reason: Missing output files: J.bam
    wildcards: sample=J
    resources: tmpdir=/var/folders/7g/mh6jk4p54_v368myk7s9h_nh0000gn/T

Completion of job ['download'] reported to scheduler.
jobs registered as running before removal {download}
[Thu Feb 29 20:27:03 2024]
Finished job 9.
9 of 10 steps (90%) done
Resources before job selection: {'_cores': 1, '_nodes': 9223372036854775807}
Ready jobs (1)
Select jobs to execute...
Using greedy selector because only single job has to be scheduled.
Selected jobs (1)
Resources after job selection: {'_cores': 0, '_nodes': 9223372036854775806}
Execute 1 jobs...

[Thu Feb 29 20:27:03 2024]
localrule all:
    input: A.bam, B.bam, D.bam, E.bam, F.bam, G.bam, H.bam, I.bam, J.bam
    jobid: 0
    reason: Input files updated by another job: H.bam, I.bam, E.bam, G.bam, D.bam, B.bam, F.bam, J.bam, A.bam
    resources: tmpdir=/var/folders/7g/mh6jk4p54_v368myk7s9h_nh0000gn/T

Completion of job ['all'] reported to scheduler.
jobs registered as running before removal {all}
[Thu Feb 29 20:27:03 2024]
Finished job 0.
10 of 10 steps (100%) done
Complete log: .snakemake/log/2024-02-29T202659.443577.snakemake.log
unlocking
removing lock
removing lock
removed all locks
