Building DAG of jobs...
Using shell: /bin/bash
Provided cores: 1 (use --cores to define parallelism)
Rules claiming more threads will be scaled down.
Job stats:
job         count
--------  -------
all             1
download        1
total           2

Select jobs to execute...
Execute 1 jobs...

[Wed Feb 28 17:37:37 2024]
localrule download:
    output: A.bam
    jobid: 1
    reason: Missing output files: A.bam
    wildcards: sample=A
    resources: tmpdir=/var/folders/7g/mh6jk4p54_v368myk7s9h_nh0000gn/T

wget bioinf.nl/~ronald/snakemake/WC03/data/A.bam
[Wed Feb 28 17:37:41 2024]
Finished job 1.
1 of 2 steps (50%) done
Select jobs to execute...
Execute 1 jobs...

[Wed Feb 28 17:37:41 2024]
Job 0: Starting the pipeline!
Reason: Input files updated by another job: A.bam

[Wed Feb 28 17:37:41 2024]
Finished job 0.
2 of 2 steps (100%) done
Complete log: .snakemake/log/2024-02-28T173737.741949.snakemake.log
